# JRE version: Java(TM) SE Runtime Environment (8.0_261-b12) (build 1.8.0_261-b12)
# Java VM: Java HotSpot(TM) 64-Bit Server VM (25.261-b12 mixed mode windows-amd64 compressed oops)
Heap:
 PSYoungGen      total 202240K, used 66488K [0x0000000716100000, 0x000000073d100000, 0x00000007c0000000)
  eden space 198144K, 31% used [0x0000000716100000,0x0000000719e36090,0x0000000722280000)
  from space 4096K, 92% used [0x000000073cd00000,0x000000073d0b8180,0x000000073d100000)
  to   space 14336K, 0% used [0x000000073b500000,0x000000073b500000,0x000000073c300000)
 ParOldGen       total 268288K, used 50347K [0x00000005c2200000, 0x00000005d2800000, 0x0000000716100000)
  object space 268288K, 18% used [0x00000005c2200000,0x00000005c532ac50,0x00000005d2800000)
 Metaspace       used 66472K, capacity 70918K, committed 71000K, reserved 1110016K
  class space    used 8870K, capacity 9591K, committed 9600K, reserved 1048576K
GC Heap History (10 events):
Event: 5466.457 GC heap before
{Heap before GC invocations=65 (full 7):
 PSYoungGen      total 241152K, used 222976K [0x0000000716100000, 0x000000073fe00000, 0x00000007c0000000)
  eden space 222208K, 100% used [0x0000000716100000,0x0000000723a00000,0x0000000723a00000)
  from space 18944K, 4% used [0x000000073d980000,0x000000073da40000,0x000000073ec00000)
  to   space 18432K, 0% used [0x000000073ec00000,0x000000073ec00000,0x000000073fe00000)
 ParOldGen       total 268288K, used 50115K [0x00000005c2200000, 0x00000005d2800000, 0x0000000716100000)
  object space 268288K, 18% used [0x00000005c2200000,0x00000005c52f0d58,0x00000005d2800000)
 Metaspace       used 66424K, capacity 70912K, committed 71000K, reserved 1110016K
  class space    used 8867K, capacity 9590K, committed 9600K, reserved 1048576K
Event: 5466.460 GC heap after
Heap after GC invocations=65 (full 7):
 PSYoungGen      total 218112K, used 704K [0x0000000716100000, 0x000000073ed00000, 0x00000007c0000000)
  eden space 217088K, 0% used [0x0000000716100000,0x0000000716100000,0x0000000723500000)
  from space 1024K, 68% used [0x000000073ec00000,0x000000073ecb0000,0x000000073ed00000)
  to   space 17920K, 0% used [0x000000073ca00000,0x000000073ca00000,0x000000073db80000)
 ParOldGen       total 268288K, used 50147K [0x00000005c2200000, 0x00000005d2800000, 0x0000000716100000)
  object space 268288K, 18% used [0x00000005c2200000,0x00000005c52f8d58,0x00000005d2800000)
 Metaspace       used 66424K, capacity 70912K, committed 71000K, reserved 1110016K
  class space    used 8867K, capacity 9590K, committed 9600K, reserved 1048576K
}
Event: 5525.956 GC heap before
{Heap before GC invocations=66 (full 7):
 PSYoungGen      total 218112K, used 217792K [0x0000000716100000, 0x000000073ed00000, 0x00000007c0000000)
  eden space 217088K, 100% used [0x0000000716100000,0x0000000723500000,0x0000000723500000)
  from space 1024K, 68% used [0x000000073ec00000,0x000000073ecb0000,0x000000073ed00000)
  to   space 17920K, 0% used [0x000000073ca00000,0x000000073ca00000,0x000000073db80000)
 ParOldGen       total 268288K, used 50147K [0x00000005c2200000, 0x00000005d2800000, 0x0000000716100000)
  object space 268288K, 18% used [0x00000005c2200000,0x00000005c52f8d58,0x00000005d2800000)
 Metaspace       used 66424K, capacity 70912K, committed 71000K, reserved 1110016K
  class space    used 8867K, capacity 9590K, committed 9600K, reserved 1048576K
Event: 5525.958 GC heap after
Heap after GC invocations=66 (full 7):
 PSYoungGen      total 229888K, used 704K [0x0000000716100000, 0x000000073ec80000, 0x00000007c0000000)
  eden space 211968K, 0% used [0x0000000716100000,0x0000000716100000,0x0000000723000000)
  from space 17920K, 3% used [0x000000073ca00000,0x000000073cab0000,0x000000073db80000)
  to   space 17408K, 0% used [0x000000073db80000,0x000000073db80000,0x000000073ec80000)
 ParOldGen       total 268288K, used 50211K [0x00000005c2200000, 0x00000005d2800000, 0x0000000716100000)
  object space 268288K, 18% used [0x00000005c2200000,0x00000005c5308d58,0x00000005d2800000)
 Metaspace       used 66424K, capacity 70912K, committed 71000K, reserved 1110016K
  class space    used 8867K, capacity 9590K, committed 9600K, reserved 1048576K
}
Event: 5572.160 GC heap before
{Heap before GC invocations=67 (full 7):
 PSYoungGen      total 229888K, used 212672K [0x0000000716100000, 0x000000073ec80000, 0x00000007c0000000)
  eden space 211968K, 100% used [0x0000000716100000,0x0000000723000000,0x0000000723000000)
  from space 17920K, 3% used [0x000000073ca00000,0x000000073cab0000,0x000000073db80000)
  to   space 17408K, 0% used [0x000000073db80000,0x000000073db80000,0x000000073ec80000)
 ParOldGen       total 268288K, used 50211K [0x00000005c2200000, 0x00000005d2800000, 0x0000000716100000)
  object space 268288K, 18% used [0x00000005c2200000,0x00000005c5308d58,0x00000005d2800000)
 Metaspace       used 66426K, capacity 70918K, committed 71000K, reserved 1110016K
  class space    used 8868K, capacity 9591K, committed 9600K, reserved 1048576K
Event: 5572.163 GC heap after
Heap after GC invocations=67 (full 7):
 PSYoungGen      total 208896K, used 1360K [0x0000000716100000, 0x000000073dd00000, 0x00000007c0000000)
  eden space 207360K, 0% used [0x0000000716100000,0x0000000716100000,0x0000000722b80000)
  from space 1536K, 88% used [0x000000073db80000,0x000000073dcd4050,0x000000073dd00000)
  to   space 16384K, 0% used [0x000000073bd00000,0x000000073bd00000,0x000000073cd00000)
 ParOldGen       total 268288K, used 50290K [0x00000005c2200000, 0x00000005d2800000, 0x0000000716100000)
  object space 268288K, 18% used [0x00000005c2200000,0x00000005c531cbf8,0x00000005d2800000)
 Metaspace       used 66426K, capacity 70918K, committed 71000K, reserved 1110016K
  class space    used 8868K, capacity 9591K, committed 9600K, reserved 1048576K
}
Event: 5630.957 GC heap before
{Heap before GC invocations=68 (full 7):
 PSYoungGen      total 208896K, used 208720K [0x0000000716100000, 0x000000073dd00000, 0x00000007c0000000)
  eden space 207360K, 100% used [0x0000000716100000,0x0000000722b80000,0x0000000722b80000)
  from space 1536K, 88% used [0x000000073db80000,0x000000073dcd4050,0x000000073dd00000)
  to   space 16384K, 0% used [0x000000073bd00000,0x000000073bd00000,0x000000073cd00000)
 ParOldGen       total 268288K, used 50290K [0x00000005c2200000, 0x00000005d2800000, 0x0000000716100000)
  object space 268288K, 18% used [0x00000005c2200000,0x00000005c531cbf8,0x00000005d2800000)
 Metaspace       used 66426K, capacity 70918K, committed 71000K, reserved 1110016K
  class space    used 8868K, capacity 9591K, committed 9600K, reserved 1048576K
Event: 5630.959 GC heap after
Heap after GC invocations=68 (full 7):
 PSYoungGen      total 219136K, used 3776K [0x0000000716100000, 0x000000073dc00000, 0x00000007c0000000)
  eden space 202752K, 0% used [0x0000000716100000,0x0000000716100000,0x0000000722700000)
  from space 16384K, 23% used [0x000000073bd00000,0x000000073c0b0180,0x000000073cd00000)
  to   space 15360K, 0% used [0x000000073cd00000,0x000000073cd00000,0x000000073dc00000)
 ParOldGen       total 268288K, used 50314K [0x00000005c2200000, 0x00000005d2800000, 0x0000000716100000)
  object space 268288K, 18% used [0x00000005c2200000,0x00000005c5322bf8,0x00000005d2800000)
 Metaspace       used 66426K, capacity 70918K, committed 71000K, reserved 1110016K
  class space    used 8868K, capacity 9591K, committed 9600K, reserved 1048576K
}
Event: 5677.868 GC heap before
{Heap before GC invocations=69 (full 7):
 PSYoungGen      total 219136K, used 206528K [0x0000000716100000, 0x000000073dc00000, 0x00000007c0000000)
  eden space 202752K, 100% used [0x0000000716100000,0x0000000722700000,0x0000000722700000)
  from space 16384K, 23% used [0x000000073bd00000,0x000000073c0b0180,0x000000073cd00000)
  to   space 15360K, 0% used [0x000000073cd00000,0x000000073cd00000,0x000000073dc00000)
 ParOldGen       total 268288K, used 50315K [0x00000005c2200000, 0x00000005d2800000, 0x0000000716100000)
  object space 268288K, 18% used [0x00000005c2200000,0x00000005c5322c50,0x00000005d2800000)
 Metaspace       used 66426K, capacity 70918K, committed 71000K, reserved 1110016K
  class space    used 8868K, capacity 9591K, committed 9600K, reserved 1048576K
Event: 5677.871 GC heap after
Heap after GC invocations=69 (full 7):
 PSYoungGen      total 202240K, used 3808K [0x0000000716100000, 0x000000073d100000, 0x00000007c0000000)
  eden space 198144K, 0% used [0x0000000716100000,0x0000000716100000,0x0000000722280000)
  from space 4096K, 92% used [0x000000073cd00000,0x000000073d0b8180,0x000000073d100000)
  to   space 14336K, 0% used [0x000000073b500000,0x000000073b500000,0x000000073c300000)
 ParOldGen       total 268288K, used 50347K [0x00000005c2200000, 0x00000005d2800000, 0x0000000716100000)
  object space 268288K, 18% used [0x00000005c2200000,0x00000005c532ac50,0x00000005d2800000)
 Metaspace       used 66426K, capacity 70918K, committed 71000K, reserved 1110016K
  class space    used 8868K, capacity 9591K, committed 9600K, reserved 1048576K
}

